[00:00:00] [Worker-Main-4/INFO]: Preparing spawn area: 4%
[00:00:00] [Worker-Main-4/INFO]: Preparing spawn area: 4%
[00:00:01] [Worker-Main-4/INFO]: Preparing spawn area: 5%
[00:00:02] [Worker-Main-5/INFO]: Preparing spawn area: 7%
[00:00:02] [Worker-Main-6/INFO]: Preparing spawn area: 7%
[00:00:02] [Worker-Main-4/INFO]: Preparing spawn area: 7%
[00:00:03] [Worker-Main-5/INFO]: Preparing spawn area: 7%
[00:00:03] [Worker-Main-6/INFO]: Preparing spawn area: 7%
[00:00:04] [Worker-Main-6/INFO]: Preparing spawn area: 7%
[00:00:04] [Worker-Main-6/INFO]: Preparing spawn area: 7%
[00:00:05] [Worker-Main-6/INFO]: Preparing spawn area: 7%
[00:00:05] [Worker-Main-6/INFO]: Preparing spawn area: 7%
[00:00:06] [Worker-Main-6/INFO]: Preparing spawn area: 7%
[00:00:06] [Worker-Main-6/INFO]: Preparing spawn area: 7%
[00:00:07] [Worker-Main-6/INFO]: Preparing spawn area: 8%
[00:00:07] [Worker-Main-4/INFO]: Preparing spawn area: 8%
[00:00:08] [Worker-Main-4/INFO]: Preparing spawn area: 9%
[00:00:08] [Worker-Main-6/INFO]: Preparing spawn area: 9%
[00:00:09] [Worker-Main-4/INFO]: Preparing spawn area: 10%
[00:00:09] [Worker-Main-6/INFO]: Preparing spawn area: 10%
[00:00:10] [Worker-Main-6/INFO]: Preparing spawn area: 10%
[00:00:10] [Worker-Main-6/INFO]: Preparing spawn area: 10%
[00:00:11] [Worker-Main-6/INFO]: Preparing spawn area: 10%
[00:00:11] [Worker-Main-6/INFO]: Preparing spawn area: 10%
[00:00:12] [Worker-Main-6/INFO]: Preparing spawn area: 10%
[00:00:12] [Worker-Main-6/INFO]: Preparing spawn area: 12%
[00:00:13] [Worker-Main-6/INFO]: Preparing spawn area: 13%
[00:00:13] [Worker-Main-6/INFO]: Preparing spawn area: 16%
[00:00:14] [Worker-Main-4/INFO]: Preparing spawn area: 17%
[00:00:14] [Worker-Main-5/INFO]: Preparing spawn area: 17%
[00:00:15] [Worker-Main-5/INFO]: Preparing spawn area: 17%
[00:00:15] [Worker-Main-4/INFO]: Preparing spawn area: 18%
[00:00:16] [Worker-Main-6/INFO]: Preparing spawn area: 20%
[00:00:16] [Worker-Main-4/INFO]: Preparing spawn area: 24%
[00:00:17] [Worker-Main-5/INFO]: Preparing spawn area: 25%
[00:00:18] [Worker-Main-6/INFO]: Preparing spawn area: 27%
[00:00:18] [Worker-Main-5/INFO]: Preparing spawn area: 27%
[00:00:18] [Worker-Main-5/INFO]: Preparing spawn area: 37%
[00:00:19] [Worker-Main-5/INFO]: Preparing spawn area: 39%
[00:00:19] [Worker-Main-4/INFO]: Preparing spawn area: 39%
[00:00:21] [Worker-Main-6/INFO]: Preparing spawn area: 42%
[00:00:21] [Worker-Main-4/INFO]: Preparing spawn area: 42%
[00:00:21] [Worker-Main-4/INFO]: Preparing spawn area: 42%
[00:00:21] [Worker-Main-4/INFO]: Preparing spawn area: 47%
[00:00:22] [Worker-Main-6/INFO]: Preparing spawn area: 51%
[00:00:22] [Worker-Main-4/INFO]: Preparing spawn area: 53%
[00:00:27] [Worker-Main-6/INFO]: Preparing spawn area: 54%
[00:00:27] [Worker-Main-4/INFO]: Preparing spawn area: 54%
[00:00:27] [Worker-Main-4/INFO]: Preparing spawn area: 54%
[00:00:27] [Worker-Main-6/INFO]: Preparing spawn area: 54%
[00:00:27] [Worker-Main-4/INFO]: Preparing spawn area: 54%
[00:00:27] [Worker-Main-6/INFO]: Preparing spawn area: 54%
[00:00:27] [Worker-Main-4/INFO]: Preparing spawn area: 54%
[00:00:27] [Worker-Main-4/INFO]: Preparing spawn area: 54%
[00:00:27] [Worker-Main-6/INFO]: Preparing spawn area: 54%
[00:00:27] [Worker-Main-6/INFO]: Preparing spawn area: 54%
[00:00:28] [Worker-Main-6/INFO]: Preparing spawn area: 55%
[00:00:28] [Worker-Main-6/INFO]: Preparing spawn area: 61%
[00:00:29] [Worker-Main-5/INFO]: Preparing spawn area: 63%
[00:00:29] [Worker-Main-5/INFO]: Preparing spawn area: 65%
[00:00:30] [Worker-Main-5/INFO]: Preparing spawn area: 65%
[00:00:30] [Worker-Main-6/INFO]: Preparing spawn area: 66%
[00:00:31] [Worker-Main-6/INFO]: Preparing spawn area: 66%
[00:00:31] [Worker-Main-5/INFO]: Preparing spawn area: 67%
[00:00:32] [Worker-Main-5/INFO]: Preparing spawn area: 67%
[00:00:32] [Worker-Main-5/INFO]: Preparing spawn area: 68%
[00:00:33] [Worker-Main-5/INFO]: Preparing spawn area: 68%
[00:00:33] [Worker-Main-5/INFO]: Preparing spawn area: 68%
[00:00:34] [Worker-Main-4/INFO]: Preparing spawn area: 69%
[00:00:34] [Worker-Main-5/INFO]: Preparing spawn area: 69%
[00:00:35] [Worker-Main-5/INFO]: Preparing spawn area: 70%
[00:00:35] [Worker-Main-4/INFO]: Preparing spawn area: 70%
[00:00:36] [Worker-Main-5/INFO]: Preparing spawn area: 71%
[00:00:36] [Worker-Main-6/INFO]: Preparing spawn area: 75%
[00:00:37] [Worker-Main-4/INFO]: Preparing spawn area: 81%
[00:00:37] [Worker-Main-4/INFO]: Preparing spawn area: 86%
[00:00:38] [Worker-Main-4/INFO]: Preparing spawn area: 87%
[00:00:38] [Worker-Main-6/INFO]: Preparing spawn area: 89%
[00:00:39] [Worker-Main-5/INFO]: Preparing spawn area: 91%
[00:00:39] [Worker-Main-4/INFO]: Preparing spawn area: 93%
[00:00:40] [Worker-Main-4/INFO]: Preparing spawn area: 93%
[00:00:40] [Worker-Main-5/INFO]: Preparing spawn area: 94%
[00:00:41] [Worker-Main-5/INFO]: Preparing spawn area: 94%
[00:00:41] [Worker-Main-5/INFO]: Preparing spawn area: 94%
[00:00:42] [Worker-Main-5/INFO]: Preparing spawn area: 94%
[00:00:42] [Worker-Main-4/INFO]: Preparing spawn area: 94%
[00:00:43] [Worker-Main-5/INFO]: Preparing spawn area: 96%
[00:00:43] [Worker-Main-5/INFO]: Preparing spawn area: 97%
[00:00:44] [Worker-Main-5/INFO]: Preparing spawn area: 97%
[00:00:44] [Worker-Main-4/INFO]: Preparing spawn area: 98%
[00:00:45] [Worker-Main-4/INFO]: Preparing spawn area: 99%
[00:00:46] [Server thread/INFO]: Time elapsed: 149803 ms
[00:00:46] [Server thread/INFO]: Preparing start region for dimension minecraft:the_end
[00:00:55] [Worker-Main-6/INFO]: Preparing spawn area: 0%
[00:00:55] [Worker-Main-6/INFO]: Preparing spawn area: 0%
[00:00:55] [Worker-Main-5/INFO]: Preparing spawn area: 0%
[00:00:55] [Worker-Main-5/INFO]: Preparing spawn area: 0%
[00:00:55] [Worker-Main-6/INFO]: Preparing spawn area: 0%
[00:00:55] [Worker-Main-6/INFO]: Preparing spawn area: 0%
[00:00:55] [Worker-Main-6/INFO]: Preparing spawn area: 0%
[00:00:55] [Worker-Main-6/INFO]: Preparing spawn area: 0%
[00:00:55] [Worker-Main-6/INFO]: Preparing spawn area: 0%
[00:00:55] [Worker-Main-4/INFO]: Preparing spawn area: 0%
[00:00:55] [Worker-Main-4/INFO]: Preparing spawn area: 0%
[00:00:55] [Worker-Main-6/INFO]: Preparing spawn area: 0%
[00:00:55] [Worker-Main-5/INFO]: Preparing spawn area: 0%
[00:00:55] [Worker-Main-6/INFO]: Preparing spawn area: 0%
[00:00:55] [Worker-Main-6/INFO]: Preparing spawn area: 0%
[00:00:55] [Worker-Main-4/INFO]: Preparing spawn area: 0%
[00:00:55] [Worker-Main-6/INFO]: Preparing spawn area: 0%
[00:00:55] [Worker-Main-6/INFO]: Preparing spawn area: 0%
[00:00:55] [Worker-Main-6/INFO]: Preparing spawn area: 0%
[00:00:56] [Worker-Main-5/INFO]: Preparing spawn area: 0%
[00:00:56] [Worker-Main-4/INFO]: Preparing spawn area: 0%
[00:00:57] [Worker-Main-5/INFO]: Preparing spawn area: 0%
[00:00:58] [Worker-Main-6/INFO]: Preparing spawn area: 0%
[00:00:58] [Worker-Main-4/INFO]: Preparing spawn area: 0%
[00:00:58] [Worker-Main-5/INFO]: Preparing spawn area: 0%
[00:00:59] [Worker-Main-6/INFO]: Preparing spawn area: 1%
[00:00:59] [Worker-Main-5/INFO]: Preparing spawn area: 3%
[00:01:00] [Worker-Main-4/INFO]: Preparing spawn area: 5%
[00:01:00] [Worker-Main-5/INFO]: Preparing spawn area: 5%
[00:01:02] [Worker-Main-4/INFO]: Preparing spawn area: 5%
[00:01:02] [Worker-Main-4/INFO]: Preparing spawn area: 5%
[00:01:02] [Worker-Main-4/INFO]: Preparing spawn area: 5%
[00:01:02] [Worker-Main-5/INFO]: Preparing spawn area: 10%
[00:01:03] [Worker-Main-6/INFO]: Preparing spawn area: 17%
[00:01:03] [Worker-Main-4/INFO]: Preparing spawn area: 22%
[00:01:08] [Worker-Main-6/INFO]: Preparing spawn area: 28%
[00:01:08] [Worker-Main-5/INFO]: Preparing spawn area: 28%
[00:01:08] [Worker-Main-6/INFO]: Preparing spawn area: 28%
[00:01:08] [Worker-Main-5/INFO]: Preparing spawn area: 28%
[00:01:08] [Worker-Main-6/INFO]: Preparing spawn area: 28%
[00:01:08] [Worker-Main-5/INFO]: Preparing spawn area: 28%
[00:01:08] [Worker-Main-6/INFO]: Preparing spawn area: 28%
[00:01:08] [Worker-Main-5/INFO]: Preparing spawn area: 28%
[00:01:08] [Worker-Main-6/INFO]: Preparing spawn area: 28%
[00:01:08] [Worker-Main-5/INFO]: Preparing spawn area: 28%
[00:01:09] [Worker-Main-6/INFO]: Preparing spawn area: 31%
[00:01:09] [Worker-Main-5/INFO]: Preparing spawn area: 34%
[00:01:10] [Worker-Main-4/INFO]: Preparing spawn area: 41%
[00:01:10] [Worker-Main-6/INFO]: Preparing spawn area: 44%
[00:01:11] [Worker-Main-5/INFO]: Preparing spawn area: 49%
[00:01:12] [Worker-Main-6/INFO]: Preparing spawn area: 52%
[00:01:12] [Worker-Main-5/INFO]: Preparing spawn area: 52%
[00:01:12] [Worker-Main-6/INFO]: Preparing spawn area: 54%
[00:01:13] [Worker-Main-5/INFO]: Preparing spawn area: 56%
[00:01:13] [Worker-Main-4/INFO]: Preparing spawn area: 60%
[00:01:14] [Worker-Main-4/INFO]: Preparing spawn area: 67%
[00:01:14] [Worker-Main-4/INFO]: Preparing spawn area: 68%
[00:01:15] [Worker-Main-5/INFO]: Preparing spawn area: 69%
[00:01:16] [Worker-Main-6/INFO]: Preparing spawn area: 71%
[00:01:16] [Worker-Main-4/INFO]: Preparing spawn area: 71%
[00:01:16] [Worker-Main-5/INFO]: Preparing spawn area: 71%
[00:01:17] [Worker-Main-5/INFO]: Preparing spawn area: 72%
[00:01:17] [Worker-Main-5/INFO]: Preparing spawn area: 75%
[00:01:18] [Worker-Main-6/INFO]: Preparing spawn area: 78%
[00:01:18] [Worker-Main-4/INFO]: Preparing spawn area: 80%
[00:01:19] [Worker-Main-4/INFO]: Preparing spawn area: 83%
[00:01:19] [Worker-Main-4/INFO]: Preparing spawn area: 84%
[00:01:20] [Worker-Main-6/INFO]: Preparing spawn area: 84%
[00:01:20] [Worker-Main-6/INFO]: Preparing spawn area: 84%
[00:01:21] [Worker-Main-6/INFO]: Preparing spawn area: 86%
[00:01:21] [Worker-Main-5/INFO]: Preparing spawn area: 87%
[00:01:22] [Worker-Main-6/INFO]: Preparing spawn area: 88%
[00:01:22] [Worker-Main-4/INFO]: Preparing spawn area: 89%
[00:01:23] [Worker-Main-5/INFO]: Preparing spawn area: 92%
[00:01:23] [Worker-Main-4/INFO]: Preparing spawn area: 93%
[00:01:24] [Worker-Main-4/INFO]: Preparing spawn area: 94%
[00:01:24] [Worker-Main-5/INFO]: Preparing spawn area: 94%
[00:01:25] [Worker-Main-5/INFO]: Preparing spawn area: 96%
[00:01:25] [Worker-Main-4/INFO]: Preparing spawn area: 99%
[00:01:25] [Server thread/INFO]: Time elapsed: 39147 ms
[00:01:25] [Server thread/INFO]: Server permissions file permissions.yml is empty, ignoring it
[00:01:25] [Server thread/INFO]: Done (365.383s)! For help, type "help"
[00:01:31] [Server thread/WARN]: Can't keep up! Is the server overloaded? Running 5656ms or 113 ticks behind
[00:03:26] [Server thread/WARN]: Can't keep up! Is the server overloaded? Running 5005ms or 100 ticks behind
[00:07:22] [Server thread/WARN]: Can't keep up! Is the server overloaded? Running 5003ms or 100 ticks behind
[00:08:11] [Server thread/WARN]: Can't keep up! Is the server overloaded? Running 5070ms or 101 ticks behind
[00:11:49] [Server thread/WARN]: Can't keep up! Is the server overloaded? Running 5016ms or 100 ticks behind
[00:12:51] [Server thread/WARN]: Can't keep up! Is the server overloaded? Running 5011ms or 100 ticks behind
[00:14:00] [Server thread/WARN]: Can't keep up! Is the server overloaded? Running 5004ms or 100 ticks behind
[00:31:39] [User Authenticator #1/INFO]: UUID of player zXCholulaXz is 7257a545-a556-3257-ae3a-329b6fa54cb8
[00:31:41] [Server thread/INFO]: zXCholulaXz[/189.229.64.18:7735] logged in with entity id 1004 at ([world]-562.3824940935114, 71.0, -16.8526403075442)
[00:31:42] [Server thread/WARN]: Can't keep up! Is the server overloaded? Running 5794ms or 115 ticks behind
[00:32:49] [Server thread/WARN]: Can't keep up! Is the server overloaded? Running 37556ms or 751 ticks behind
[00:33:59] [Server thread/WARN]: Can't keep up! Is the server overloaded? Running 39493ms or 789 ticks behind
[00:35:06] [Server thread/WARN]: Can't keep up! Is the server overloaded? Running 37593ms or 751 ticks behind
[00:36:17] [Server thread/WARN]: Can't keep up! Is the server overloaded? Running 40991ms or 819 ticks behind
[00:37:26] [Server thread/WARN]: Can't keep up! Is the server overloaded? Running 38631ms or 772 ticks behind
[00:38:33] [Server thread/WARN]: Can't keep up! Is the server overloaded? Running 36914ms or 738 ticks behind
[00:39:39] [Server thread/WARN]: Can't keep up! Is the server overloaded? Running 36712ms or 734 ticks behind
[00:40:47] [Server thread/WARN]: Can't keep up! Is the server overloaded? Running 38080ms or 761 ticks behind
[00:41:55] [Server thread/WARN]: Can't keep up! Is the server overloaded? Running 37811ms or 756 ticks behind
[00:43:01] [Server thread/WARN]: Can't keep up! Is the server overloaded? Running 36152ms or 723 ticks behind
[00:44:08] [Server thread/WARN]: Can't keep up! Is the server overloaded? Running 36390ms or 727 ticks behind
[00:45:15] [Server thread/WARN]: Can't keep up! Is the server overloaded? Running 37642ms or 752 ticks behind
[00:45:51] [User Authenticator #2/INFO]: UUID of player Emisaurio12 is 0c44e419-0d48-3263-8d9b-73b5a9db448a
[00:45:53] [Server thread/INFO]: Emisaurio12[/201.141.186.169:43895] logged in with entity id 1829 at ([world]-515.4469287592774, 63.0, -9.848816975653055)
[00:46:25] [Server thread/WARN]: Can't keep up! Is the server overloaded? Running 39618ms or 792 ticks behind
[00:47:03] [Server thread/WARN]: Emisaurio12 moved wrongly!
[00:47:17] [Server thread/INFO]: [Server] gracias
[00:47:23] [Server thread/INFO]: [Server] ya te puedes ir
[00:47:32] [Server thread/INFO]: [Server] te debo unos taquis
[00:47:39] [Async Chat Thread - #0/INFO]: <Emisaurio12> mmmmmm[m
[00:47:47] [Server thread/WARN]: Can't keep up! Is the server overloaded? Running 51788ms or 1035 ticks behind
[00:47:47] [Async Chat Thread - #0/INFO]: <Emisaurio12> bueno, adioooooos[m
[00:47:51] [Server thread/INFO]: zXCholulaXz lost connection: Disconnected
[00:47:51] [Server thread/INFO]: zXCholulaXz left the game
[00:47:54] [Server thread/INFO]: Emisaurio12 lost connection: Disconnected
[00:47:54] [Server thread/INFO]: Emisaurio12 left the game
[00:48:22] [Server thread/WARN]: Can't keep up! Is the server overloaded? Running 5180ms or 103 ticks behind
[00:48:45] [Server thread/INFO]: Stopping the server
[00:48:45] [Server thread/INFO]: Stopping server
[00:48:45] [Server thread/INFO]: Saving players
[00:48:45] [Server thread/INFO]: Saving worlds
[00:48:45] [Server thread/INFO]: Saving chunks for level 'ServerLevel[world]'/minecraft:overworld
[00:48:53] [Server thread/INFO]: Saving chunks for level 'ServerLevel[world_nether]'/minecraft:the_nether
[00:48:54] [Server thread/INFO]: Saving chunks for level 'ServerLevel[world_the_end]'/minecraft:the_end
[00:48:54] [Server thread/INFO]: ThreadedAnvilChunkStorage (world): All chunks are saved
[00:48:54] [Server thread/INFO]: ThreadedAnvilChunkStorage (DIM-1): All chunks are saved
[00:48:54] [Server thread/INFO]: ThreadedAnvilChunkStorage (DIM1): All chunks are saved
[00:48:54] [Server thread/INFO]: ThreadedAnvilChunkStorage: All dimensions are saved
